Using pre-set license

 COMMAND LINE ARGUMENTS:
/Applications/Unity/Hub/Editor/2020.2.3f1/Unity.app/Contents/MacOS/Unity
-adb2
-batchMode
-noUpm
-name
AssetImportWorker0
-projectPath
/Users/sekikawahayato/Documents/programming/Unity/Vampire
-logFile
Logs/AssetImportWorker0.log
-srvPort
49584
Successfully changed project path to: /Users/sekikawahayato/Documents/programming/Unity/Vampire
/Users/sekikawahayato/Documents/programming/Unity/Vampire
Using Asset Import Pipeline V2.
Refreshing native plugins compatible for Editor in 52.12 ms, found 2 plugins.
Preloading 0 native plugins for Editor in 0.00 ms.
Initialize engine version: 2020.2.3f1 (8ff31bc5bf5b)
[Subsystems] Discovering subsystems at path /Applications/Unity/Hub/Editor/2020.2.3f1/Unity.app/Contents/Resources/UnitySubsystems
[Subsystems] Discovering subsystems at path /Users/sekikawahayato/Documents/programming/Unity/Vampire/Assets
GfxDevice: creating device client; threaded=0
2021-12-24 14:31:51.223 Unity[79251:221761] (null) preferred device: Apple M1 Max (high power)
2021-12-24 14:31:51.223 Unity[79251:221761] Metal devices available: 1
2021-12-24 14:31:51.223 Unity[79251:221761] 0: Apple M1 Max (high power)
2021-12-24 14:31:51.223 Unity[79251:221761] Using device Apple M1 Max (high power)
Initializing Metal device caps: Apple M1 Max
Shader 'Universal Render Pipeline/Particles/Lit': fallback shader 'Universal Render Pipeline/Particles/SimpleLit' not found
Initialize mono
Mono path[0] = '/Applications/Unity/Hub/Editor/2020.2.3f1/Unity.app/Contents/Managed'
Mono path[1] = '/Applications/Unity/Hub/Editor/2020.2.3f1/Unity.app/Contents/MonoBleedingEdge/lib/mono/unityjit'
Mono config path = '/Applications/Unity/Hub/Editor/2020.2.3f1/Unity.app/Contents/MonoBleedingEdge/etc'
Using monoOptions --debugger-agent=transport=dt_socket,embedding=1,server=y,suspend=n,address=127.0.0.1:56251
Begin MonoManager ReloadAssembly
Error scanning for extension ivy.xml files: System.UnauthorizedAccessException: Access to the path '/Applications/Unity/Hub/Editor/2020.2.3f1/PlaybackEngines/WebGLSupport/BuildTools/Emscripten_Mac/node' is denied.
  at System.IO.__Error.WinIOError (System.Int32 errorCode, System.String maybeFullPath) [0x00129] in <9577ac7a62ef43179789031239ba8798>:0 
  at System.IO.FileSystemEnumerableIterator`1[TSource].HandleError (System.Int32 hr, System.String path) [0x00006] in <9577ac7a62ef43179789031239ba8798>:0 
  at System.IO.FileSystemEnumerableIterator`1[TSource].AddSearchableDirsToStack (System.IO.Directory+SearchData localSearchData) [0x00053] in <9577ac7a62ef43179789031239ba8798>:0 
  at System.IO.FileSystemEnumerableIterator`1[TSource].MoveNext () [0x0008e] in <9577ac7a62ef43179789031239ba8798>:0 
  at System.Collections.Generic.List`1[T]..ctor (System.Collections.Generic.IEnumerable`1[T] collection) [0x00077] in <9577ac7a62ef43179789031239ba8798>:0 
  at System.IO.Directory.InternalGetFileDirectoryNames (System.String path, System.String userPathOriginal, System.String searchPattern, System.Boolean includeFiles, System.Boolean includeDirs, System.IO.SearchOption searchOption, System.Boolean checkHost) [0x0000f] in <9577ac7a62ef43179789031239ba8798>:0 
  at System.IO.Directory.InternalGetFiles (System.String path, System.String searchPattern, System.IO.SearchOption searchOption) [0x00000] in <9577ac7a62ef43179789031239ba8798>:0 
  at System.IO.Directory.GetFiles (System.String path, System.String searchPattern, System.IO.SearchOption searchOption) [0x00038] in <9577ac7a62ef43179789031239ba8798>:0 
  at UnityEditor.Modules.ModuleManager.LoadLegacyExtensionsFromIvyFiles () [0x000a5] in /Users/bokken/buildslave/unity/build/Editor/Mono/Modules/ModuleManager.cs:253 
Registering precompiled unity dll's ...
Register platform support module: /Applications/Unity/Hub/Editor/2020.2.3f1/PlaybackEngines/WebGLSupport/UnityEditor.WebGL.Extensions.dll
Register platform support module: /Applications/Unity/Hub/Editor/2020.2.3f1/Unity.app/Contents/PlaybackEngines/MacStandaloneSupport/UnityEditor.OSXStandalone.Extensions.dll
Registered in 0.000485 seconds.
Native extension for OSXStandalone target not found
Native extension for WebGL target not found
Refreshing native plugins compatible for Editor in 54.33 ms, found 2 plugins.
Preloading 0 native plugins for Editor in 0.00 ms.
Invoked RoslynAnalysisRunner static constructor.
RoslynAnalysisRunner will not be running.
RoslynAnalysisRunner has terminated.
Mono: successfully reloaded assembly
- Completed reload, in  2.495 seconds
Platform modules already initialized, skipping
Registering precompiled user dll's ...
Registered in 0.000788 seconds.
Begin MonoManager ReloadAssembly
Native extension for OSXStandalone target not found
Native extension for WebGL target not found
Refreshing native plugins compatible for Editor in 55.72 ms, found 2 plugins.
Preloading 0 native plugins for Editor in 0.00 ms.
Invoked RoslynAnalysisRunner static constructor.
RoslynAnalysisRunner will not be running.
RoslynAnalysisRunner has terminated.
Mono: successfully reloaded assembly
- Completed reload, in  1.808 seconds
Platform modules already initialized, skipping
========================================================================
Worker process is ready to serve import requests
Shader 'Universal Render Pipeline/Particles/Lit': fallback shader 'Universal Render Pipeline/Particles/SimpleLit' not found
Launching external process: /Applications/Unity/Hub/Editor/2020.2.3f1/Unity.app/Contents/Tools/UnityShaderCompiler
Launched and connected shader compiler UnityShaderCompiler after 0.02 seconds
Refreshing native plugins compatible for Editor in 0.50 ms, found 2 plugins.
Preloading 0 native plugins for Editor in 0.00 ms.
Unloading 3208 Unused Serialized files (Serialized files now loaded: 0)
System memory in use before: 239.2 MB.
System memory in use after: 239.3 MB.

Unloading 26 unused Assets to reduce memory usage. Loaded Objects now: 3653.
Total: 2.027083 ms (FindLiveObjects: 0.348833 ms CreateObjectMapping: 0.074875 ms MarkObjects: 1.495292 ms  DeleteObjects: 0.102584 ms)

========================================================================
Received Import Request.
  path: Assets/Prefabs/SceneLoader.prefab
  artifactKey: Guid(68495dfc7cec244e3ae31b79195b9f58) Importer(815301076,1909f56bfc062723c751e8b465ee728b)
Start importing Assets/Prefabs/SceneLoader.prefab using Guid(68495dfc7cec244e3ae31b79195b9f58) Importer(815301076,1909f56bfc062723c751e8b465ee728b)  -> (artifact id: '79bb8ec9886ac6dfeed3e415ea18de9e') in 0.986788 seconds
  Import took 0.991325 seconds .

========================================================================
Received Import Request.
  Time since last request: 294.852736 seconds.
  path: Assets/Resources/UI/Scenario/Menu/Open.png
  artifactKey: Guid(44a7126d505a44db1a0efe9298597b91) Importer(815301076,1909f56bfc062723c751e8b465ee728b)
Start importing Assets/Resources/UI/Scenario/Menu/Open.png using Guid(44a7126d505a44db1a0efe9298597b91) Importer(815301076,1909f56bfc062723c751e8b465ee728b)  -> (artifact id: 'c3d5355b93f9eaa5d34f0bc5800476d3') in 0.433038 seconds
  Import took 0.438478 seconds .

========================================================================
Received Import Request.
  Time since last request: 1.795208 seconds.
  path: Assets/Resources/UI/Scenario/Menu/Skip_Center.png
  artifactKey: Guid(7f4404196cb904ec2bf5f273bd4b2aca) Importer(815301076,1909f56bfc062723c751e8b465ee728b)
Start importing Assets/Resources/UI/Scenario/Menu/Skip_Center.png using Guid(7f4404196cb904ec2bf5f273bd4b2aca) Importer(815301076,1909f56bfc062723c751e8b465ee728b)  -> (artifact id: '87c05dde31c142b8a4329a83b96470c4') in 0.034089 seconds
  Import took 0.038927 seconds .

========================================================================
Received Import Request.
  Time since last request: 0.752401 seconds.
  path: Assets/Resources/UI/Scenario/Menu/Skip_Downer.png
  artifactKey: Guid(5a0702bfbaded454ca494f96cf720d8c) Importer(815301076,1909f56bfc062723c751e8b465ee728b)
Start importing Assets/Resources/UI/Scenario/Menu/Skip_Downer.png using Guid(5a0702bfbaded454ca494f96cf720d8c) Importer(815301076,1909f56bfc062723c751e8b465ee728b)  -> (artifact id: '75f7cd0516cc1433b37fa44457ef52b9') in 0.028716 seconds
  Import took 0.033865 seconds .

========================================================================
Received Import Request.
  Time since last request: 0.880988 seconds.
  path: Assets/Resources/UI/Scenario/Menu/Skip_Upper.png
  artifactKey: Guid(3b452654114f4426e8d64939d7ba3f46) Importer(815301076,1909f56bfc062723c751e8b465ee728b)
Start importing Assets/Resources/UI/Scenario/Menu/Skip_Upper.png using Guid(3b452654114f4426e8d64939d7ba3f46) Importer(815301076,1909f56bfc062723c751e8b465ee728b)  -> (artifact id: 'df614484fb95f5a9d1cfbfa5e5e6a379') in 0.028856 seconds
  Import took 0.033417 seconds .

========================================================================
Received Import Request.
  Time since last request: 18.571274 seconds.
  path: Assets/Resources/UI/Scenario/Menu/LOG_300.png
  artifactKey: Guid(f78399960cccc436b99be3bba8dc4fbc) Importer(815301076,1909f56bfc062723c751e8b465ee728b)
Start importing Assets/Resources/UI/Scenario/Menu/LOG_300.png using Guid(f78399960cccc436b99be3bba8dc4fbc) Importer(815301076,1909f56bfc062723c751e8b465ee728b)  -> (artifact id: 'b3d2b5f9ee81b350884e5d950da6b55b') in 0.010030 seconds
  Import took 0.014165 seconds .

========================================================================
Received Import Request.
  Time since last request: 5.850209 seconds.
  path: Assets/Resources/UI/Scenario/Menu/Log_300.png
  artifactKey: Guid(f78399960cccc436b99be3bba8dc4fbc) Importer(815301076,1909f56bfc062723c751e8b465ee728b)
Start importing Assets/Resources/UI/Scenario/Menu/Log_300.png using Guid(f78399960cccc436b99be3bba8dc4fbc) Importer(815301076,1909f56bfc062723c751e8b465ee728b)  -> (artifact id: 'e630d077464dbf8294ddf07a3cb6c3ec') in 0.009514 seconds
  Import took 0.013965 seconds .

========================================================================
Received Import Request.
  Time since last request: 0.969550 seconds.
  path: Assets/Resources/UI/Scenario/Menu/LOG_500.png
  artifactKey: Guid(593cbc12aeb9e4c5c84d792039e75b46) Importer(815301076,1909f56bfc062723c751e8b465ee728b)
Start importing Assets/Resources/UI/Scenario/Menu/LOG_500.png using Guid(593cbc12aeb9e4c5c84d792039e75b46) Importer(815301076,1909f56bfc062723c751e8b465ee728b)  -> (artifact id: '0bb277ac0bc6dabd01de7c5eb5128c85') in 0.011067 seconds
  Import took 0.015787 seconds .

========================================================================
Received Import Request.
  Time since last request: 3.721364 seconds.
  path: Assets/Resources/UI/Scenario/Menu/Log_500.png
  artifactKey: Guid(593cbc12aeb9e4c5c84d792039e75b46) Importer(815301076,1909f56bfc062723c751e8b465ee728b)
Start importing Assets/Resources/UI/Scenario/Menu/Log_500.png using Guid(593cbc12aeb9e4c5c84d792039e75b46) Importer(815301076,1909f56bfc062723c751e8b465ee728b)  -> (artifact id: 'ef39a271c0e517f3be7f309c2ec1d4ea') in 0.009878 seconds
  Import took 0.014076 seconds .

========================================================================
Received Import Request.
  Time since last request: 2.463987 seconds.
  path: Assets/Resources/UI/Scenario/Menu/SKIP_300.png
  artifactKey: Guid(d7a35624b0797414d90c5a4dfaf7844d) Importer(815301076,1909f56bfc062723c751e8b465ee728b)
Start importing Assets/Resources/UI/Scenario/Menu/SKIP_300.png using Guid(d7a35624b0797414d90c5a4dfaf7844d) Importer(815301076,1909f56bfc062723c751e8b465ee728b)  -> (artifact id: '0a99f8380f226dab027380cb0aabd1ac') in 0.010386 seconds
  Import took 0.014729 seconds .

========================================================================
Received Import Request.
  Time since last request: 4.284961 seconds.
  path: Assets/Resources/UI/Scenario/Menu/Skip_300.png
  artifactKey: Guid(d7a35624b0797414d90c5a4dfaf7844d) Importer(815301076,1909f56bfc062723c751e8b465ee728b)
Start importing Assets/Resources/UI/Scenario/Menu/Skip_300.png using Guid(d7a35624b0797414d90c5a4dfaf7844d) Importer(815301076,1909f56bfc062723c751e8b465ee728b)  -> (artifact id: 'ef3f5e91e09f8d608b00dfd4f2e377c8') in 0.010040 seconds
  Import took 0.014480 seconds .

========================================================================
Received Import Request.
  Time since last request: 1.285375 seconds.
  path: Assets/Resources/UI/Scenario/Menu/SKIP_500.png
  artifactKey: Guid(6dd0c26a6cc6541cc8f06af4e2d38259) Importer(815301076,1909f56bfc062723c751e8b465ee728b)
Start importing Assets/Resources/UI/Scenario/Menu/SKIP_500.png using Guid(6dd0c26a6cc6541cc8f06af4e2d38259) Importer(815301076,1909f56bfc062723c751e8b465ee728b)  -> (artifact id: '87007e4982e2b07986a2b98b20f6c613') in 0.010446 seconds
  Import took 0.014629 seconds .

========================================================================
Received Import Request.
  Time since last request: 3.873580 seconds.
  path: Assets/Resources/UI/Scenario/Menu/Skip_500.png
  artifactKey: Guid(6dd0c26a6cc6541cc8f06af4e2d38259) Importer(815301076,1909f56bfc062723c751e8b465ee728b)
Start importing Assets/Resources/UI/Scenario/Menu/Skip_500.png using Guid(6dd0c26a6cc6541cc8f06af4e2d38259) Importer(815301076,1909f56bfc062723c751e8b465ee728b)  -> (artifact id: 'bf2e86c08148721779f9be2bd4c7537a') in 0.010681 seconds
  Import took 0.015137 seconds .

========================================================================
Received Prepare
Registering precompiled user dll's ...
Registered in 0.001158 seconds.
Begin MonoManager ReloadAssembly
Native extension for OSXStandalone target not found
Native extension for WebGL target not found
Refreshing native plugins compatible for Editor in 0.54 ms, found 2 plugins.
Preloading 0 native plugins for Editor in 0.00 ms.
Invoked RoslynAnalysisRunner static constructor.
RoslynAnalysisRunner will not be running.
RoslynAnalysisRunner has terminated.
Mono: successfully reloaded assembly
- Completed reload, in  1.817 seconds
Platform modules already initialized, skipping
Switching build target platform(2) subTarget(0) extendedPlatform(0) -> platform(9) subTarget(16777218) extendedPlatform(0)
Shader 'Universal Render Pipeline/Particles/Lit': fallback shader 'Universal Render Pipeline/Particles/SimpleLit' not found
Refreshing native plugins compatible for Editor in 0.42 ms, found 2 plugins.
Preloading 0 native plugins for Editor in 0.00 ms.
Unloading 3100 Unused Serialized files (Serialized files now loaded: 0)
System memory in use before: 246.2 MB.
System memory in use after: 246.3 MB.

Unloading 16 unused Assets to reduce memory usage. Loaded Objects now: 3704.
Total: 1.764542 ms (FindLiveObjects: 0.241917 ms CreateObjectMapping: 0.068000 ms MarkObjects: 1.370000 ms  DeleteObjects: 0.083458 ms)

AssetImportParameters requested are different than current active one (requested -> active):
  custom:graphics/normal-map-encoding: 01000000000000000000000000000000 -> 02000000000000000000000000000000
========================================================================
Received Import Request.
  Time since last request: 148.912445 seconds.
  path: Assets/Resources/UI/Scenario/Menu/Log_300.png
  artifactKey: Guid(f78399960cccc436b99be3bba8dc4fbc) Importer(815301076,1909f56bfc062723c751e8b465ee728b)
Start importing Assets/Resources/UI/Scenario/Menu/Log_300.png using Guid(f78399960cccc436b99be3bba8dc4fbc) Importer(815301076,1909f56bfc062723c751e8b465ee728b)  -> (artifact id: 'd1ff4bff2408a64283906ed04d9ce59f') in 0.138130 seconds
  Import took 0.142830 seconds .

========================================================================
Received Prepare
Registering precompiled user dll's ...
Registered in 0.001187 seconds.
Begin MonoManager ReloadAssembly
Native extension for OSXStandalone target not found
Native extension for WebGL target not found
Refreshing native plugins compatible for Editor in 0.55 ms, found 2 plugins.
Preloading 0 native plugins for Editor in 0.00 ms.
Invoked RoslynAnalysisRunner static constructor.
RoslynAnalysisRunner will not be running.
RoslynAnalysisRunner has terminated.
Mono: successfully reloaded assembly
- Completed reload, in  1.845 seconds
Platform modules already initialized, skipping
Switching build target platform(2) subTarget(0) extendedPlatform(0) -> platform(9) subTarget(16777218) extendedPlatform(0)
Shader 'Universal Render Pipeline/Particles/Lit': fallback shader 'Universal Render Pipeline/Particles/SimpleLit' not found
Refreshing native plugins compatible for Editor in 0.44 ms, found 2 plugins.
Preloading 0 native plugins for Editor in 0.00 ms.
Unloading 3100 Unused Serialized files (Serialized files now loaded: 0)
System memory in use before: 246.6 MB.
System memory in use after: 246.7 MB.

Unloading 15 unused Assets to reduce memory usage. Loaded Objects now: 3708.
Total: 2.026083 ms (FindLiveObjects: 0.300750 ms CreateObjectMapping: 0.065709 ms MarkObjects: 1.567084 ms  DeleteObjects: 0.090750 ms)

AssetImportParameters requested are different than current active one (requested -> active):
  custom:graphics/normal-map-encoding: 01000000000000000000000000000000 -> 02000000000000000000000000000000
========================================================================
Received Import Request.
  Time since last request: 133.395012 seconds.
  path: Assets/Resources/UI/Scenario/Menu/Log_300.png
  artifactKey: Guid(f78399960cccc436b99be3bba8dc4fbc) Importer(815301076,1909f56bfc062723c751e8b465ee728b)
Start importing Assets/Resources/UI/Scenario/Menu/Log_300.png using Guid(f78399960cccc436b99be3bba8dc4fbc) Importer(815301076,1909f56bfc062723c751e8b465ee728b)  -> (artifact id: '5a48dc69982b8a922d9c7f54f56f2b5c') in 0.126288 seconds
  Import took 0.130692 seconds .

========================================================================
Received Import Request.
  Time since last request: 0.080241 seconds.
  path: Assets/Resources/UI/Scenario/Menu/Log_300.png
  artifactKey: Guid(f78399960cccc436b99be3bba8dc4fbc) Importer(815301076,1909f56bfc062723c751e8b465ee728b)
Start importing Assets/Resources/UI/Scenario/Menu/Log_300.png using Guid(f78399960cccc436b99be3bba8dc4fbc) Importer(815301076,1909f56bfc062723c751e8b465ee728b)  -> (artifact id: '5a48dc69982b8a922d9c7f54f56f2b5c') in 0.010692 seconds
  Import took 0.014777 seconds .

========================================================================
Received Prepare
Registering precompiled user dll's ...
Registered in 0.001183 seconds.
Begin MonoManager ReloadAssembly
Native extension for OSXStandalone target not found
Native extension for WebGL target not found
Refreshing native plugins compatible for Editor in 0.54 ms, found 2 plugins.
Preloading 0 native plugins for Editor in 0.00 ms.
Invoked RoslynAnalysisRunner static constructor.
RoslynAnalysisRunner will not be running.
RoslynAnalysisRunner has terminated.
Mono: successfully reloaded assembly
- Completed reload, in  1.788 seconds
Platform modules already initialized, skipping
Switching build target platform(2) subTarget(0) extendedPlatform(0) -> platform(9) subTarget(16777218) extendedPlatform(0)
Shader 'Universal Render Pipeline/Particles/Lit': fallback shader 'Universal Render Pipeline/Particles/SimpleLit' not found
Refreshing native plugins compatible for Editor in 0.38 ms, found 2 plugins.
Preloading 0 native plugins for Editor in 0.00 ms.
Unloading 3100 Unused Serialized files (Serialized files now loaded: 0)
System memory in use before: 246.8 MB.
System memory in use after: 246.9 MB.

Unloading 15 unused Assets to reduce memory usage. Loaded Objects now: 3712.
Total: 1.955667 ms (FindLiveObjects: 0.203458 ms CreateObjectMapping: 0.066417 ms MarkObjects: 1.595958 ms  DeleteObjects: 0.088958 ms)

AssetImportParameters requested are different than current active one (requested -> active):
  custom:graphics/normal-map-encoding: 01000000000000000000000000000000 -> 02000000000000000000000000000000
========================================================================
Received Import Request.
  Time since last request: 19.059255 seconds.
  path: Assets/Resources/UI/Scenario/Menu/Log_300.png
  artifactKey: Guid(f78399960cccc436b99be3bba8dc4fbc) Importer(815301076,1909f56bfc062723c751e8b465ee728b)
Start importing Assets/Resources/UI/Scenario/Menu/Log_300.png using Guid(f78399960cccc436b99be3bba8dc4fbc) Importer(815301076,1909f56bfc062723c751e8b465ee728b)  -> (artifact id: '5339ba0f7339d981a59357d4eb18f52e') in 0.118826 seconds
  Import took 0.123069 seconds .

========================================================================
Received Import Request.
  Time since last request: 5.803541 seconds.
  path: Assets/Resources/UI/Scenario/Menu/Log_300.png
  artifactKey: Guid(f78399960cccc436b99be3bba8dc4fbc) Importer(815301076,1909f56bfc062723c751e8b465ee728b)
Start importing Assets/Resources/UI/Scenario/Menu/Log_300.png using Guid(f78399960cccc436b99be3bba8dc4fbc) Importer(815301076,1909f56bfc062723c751e8b465ee728b)  -> (artifact id: '97ae43dbf7375bd5f0195d8b29b0fb0e') in 0.011669 seconds
  Import took 0.015662 seconds .

========================================================================
Received Prepare
Registering precompiled user dll's ...
Registered in 0.001105 seconds.
Begin MonoManager ReloadAssembly
Native extension for OSXStandalone target not found
Native extension for WebGL target not found
Refreshing native plugins compatible for Editor in 0.58 ms, found 2 plugins.
Preloading 0 native plugins for Editor in 0.00 ms.
Invoked RoslynAnalysisRunner static constructor.
RoslynAnalysisRunner will not be running.
RoslynAnalysisRunner has terminated.
Mono: successfully reloaded assembly
- Completed reload, in  1.768 seconds
Platform modules already initialized, skipping
Switching build target platform(2) subTarget(0) extendedPlatform(0) -> platform(9) subTarget(16777218) extendedPlatform(0)
Shader 'Universal Render Pipeline/Particles/Lit': fallback shader 'Universal Render Pipeline/Particles/SimpleLit' not found
Refreshing native plugins compatible for Editor in 0.46 ms, found 2 plugins.
Preloading 0 native plugins for Editor in 0.00 ms.
Unloading 3100 Unused Serialized files (Serialized files now loaded: 0)
System memory in use before: 247.1 MB.
System memory in use after: 247.2 MB.

Unloading 15 unused Assets to reduce memory usage. Loaded Objects now: 3716.
Total: 1.970125 ms (FindLiveObjects: 0.187000 ms CreateObjectMapping: 0.065625 ms MarkObjects: 1.600000 ms  DeleteObjects: 0.113875 ms)

AssetImportParameters requested are different than current active one (requested -> active):
  custom:graphics/normal-map-encoding: 01000000000000000000000000000000 -> 02000000000000000000000000000000
========================================================================
Received Import Request.
  Time since last request: 236.591419 seconds.
  path: Assets/Resources/UI/Scenario/Menu/Log_300.png
  artifactKey: Guid(f78399960cccc436b99be3bba8dc4fbc) Importer(815301076,1909f56bfc062723c751e8b465ee728b)
Start importing Assets/Resources/UI/Scenario/Menu/Log_300.png using Guid(f78399960cccc436b99be3bba8dc4fbc) Importer(815301076,1909f56bfc062723c751e8b465ee728b)  -> (artifact id: '021a95f201285713adabdc3ae1824a89') in 0.138249 seconds
  Import took 0.142555 seconds .

========================================================================
Received Import Request.
  Time since last request: 7029.026030 seconds.
  path: Assets/CSV/シナリオ（シナリオ変換用） - シーン1.csv
  artifactKey: Guid(f8413d37e644d48feb79979f1a44d8c6) Importer(815301076,1909f56bfc062723c751e8b465ee728b)
Start importing Assets/CSV/シナリオ（シナリオ変換用） - シーン1.csv using Guid(f8413d37e644d48feb79979f1a44d8c6) Importer(815301076,1909f56bfc062723c751e8b465ee728b)  -> (artifact id: 'c15f6fb12135b28859294e75b81e0f5a') in 0.857157 seconds
  Import took 0.861268 seconds .

========================================================================
Received Import Request.
  Time since last request: 12.005822 seconds.
  path: Assets/CSV/Scenario_1.csv
  artifactKey: Guid(f8413d37e644d48feb79979f1a44d8c6) Importer(815301076,1909f56bfc062723c751e8b465ee728b)
Start importing Assets/CSV/Scenario_1.csv using Guid(f8413d37e644d48feb79979f1a44d8c6) Importer(815301076,1909f56bfc062723c751e8b465ee728b)  -> (artifact id: '3dc74503bd9e8cf4dc63987eff814bf0') in 0.002748 seconds
  Import took 0.006820 seconds .

========================================================================
Received Import Request.
  Time since last request: 115.294320 seconds.
  path: Assets/CSV/シナリオ（シナリオ変換用） - シーン1 (1).csv
  artifactKey: Guid(02fe1cb05af0146208f023e5506cb35f) Importer(815301076,1909f56bfc062723c751e8b465ee728b)
Start importing Assets/CSV/シナリオ（シナリオ変換用） - シーン1 (1).csv using Guid(02fe1cb05af0146208f023e5506cb35f) Importer(815301076,1909f56bfc062723c751e8b465ee728b)  -> (artifact id: '283664baeb7ff07a5180d569d89933fb') in 0.002538 seconds
  Import took 0.006701 seconds .

========================================================================
Received Import Request.
  Time since last request: 0.003393 seconds.
  path: Assets/CSV/シナリオ（シナリオ変換用） - シーン1 (1).csv
  artifactKey: Guid(02fe1cb05af0146208f023e5506cb35f) Importer(815301076,1909f56bfc062723c751e8b465ee728b)
Start importing Assets/CSV/シナリオ（シナリオ変換用） - シーン1 (1).csv using Guid(02fe1cb05af0146208f023e5506cb35f) Importer(815301076,1909f56bfc062723c751e8b465ee728b)  -> (artifact id: '283664baeb7ff07a5180d569d89933fb') in 0.002461 seconds
  Import took 0.006538 seconds .

========================================================================
Received Import Request.
  Time since last request: 5.679131 seconds.
  path: Assets/CSV/Scenario_01.csv
  artifactKey: Guid(02fe1cb05af0146208f023e5506cb35f) Importer(815301076,1909f56bfc062723c751e8b465ee728b)
Start importing Assets/CSV/Scenario_01.csv using Guid(02fe1cb05af0146208f023e5506cb35f) Importer(815301076,1909f56bfc062723c751e8b465ee728b)  -> (artifact id: '0744d24df92bb7118ad95e7c93c84e17') in 0.002542 seconds
  Import took 0.006722 seconds .

========================================================================
Received Prepare
Registering precompiled user dll's ...
Registered in 0.001248 seconds.
Begin MonoManager ReloadAssembly
Native extension for OSXStandalone target not found
Native extension for WebGL target not found
Refreshing native plugins compatible for Editor in 0.61 ms, found 2 plugins.
Preloading 0 native plugins for Editor in 0.00 ms.
Invoked RoslynAnalysisRunner static constructor.
RoslynAnalysisRunner will not be running.
RoslynAnalysisRunner has terminated.
Mono: successfully reloaded assembly
- Completed reload, in  1.926 seconds
Platform modules already initialized, skipping
Switching build target platform(2) subTarget(0) extendedPlatform(0) -> platform(9) subTarget(16777218) extendedPlatform(0)
Shader 'Universal Render Pipeline/Particles/Lit': fallback shader 'Universal Render Pipeline/Particles/SimpleLit' not found
Refreshing native plugins compatible for Editor in 0.55 ms, found 2 plugins.
Preloading 0 native plugins for Editor in 0.00 ms.
Unloading 3100 Unused Serialized files (Serialized files now loaded: 0)
System memory in use before: 252.7 MB.
System memory in use after: 252.8 MB.

Unloading 15 unused Assets to reduce memory usage. Loaded Objects now: 3720.
Total: 1.853916 ms (FindLiveObjects: 0.223333 ms CreateObjectMapping: 0.068458 ms MarkObjects: 1.458875 ms  DeleteObjects: 0.102417 ms)

AssetImportParameters requested are different than current active one (requested -> active):
  custom:graphics/normal-map-encoding: 01000000000000000000000000000000 -> 02000000000000000000000000000000
========================================================================
Received Prepare
Registering precompiled user dll's ...
Registered in 0.001039 seconds.
Begin MonoManager ReloadAssembly
Native extension for OSXStandalone target not found
Native extension for WebGL target not found
Refreshing native plugins compatible for Editor in 0.57 ms, found 2 plugins.
Preloading 0 native plugins for Editor in 0.00 ms.
Invoked RoslynAnalysisRunner static constructor.
RoslynAnalysisRunner will not be running.
RoslynAnalysisRunner has terminated.
Mono: successfully reloaded assembly
- Completed reload, in  2.065 seconds
Platform modules already initialized, skipping
Switching build target platform(2) subTarget(0) extendedPlatform(0) -> platform(9) subTarget(16777218) extendedPlatform(0)
Shader 'Universal Render Pipeline/Particles/Lit': fallback shader 'Universal Render Pipeline/Particles/SimpleLit' not found
Refreshing native plugins compatible for Editor in 0.51 ms, found 2 plugins.
Preloading 0 native plugins for Editor in 0.00 ms.
Unloading 3100 Unused Serialized files (Serialized files now loaded: 0)
System memory in use before: 252.9 MB.
System memory in use after: 253.0 MB.

Unloading 15 unused Assets to reduce memory usage. Loaded Objects now: 3723.
Total: 2.064417 ms (FindLiveObjects: 0.309292 ms CreateObjectMapping: 0.070625 ms MarkObjects: 1.576667 ms  DeleteObjects: 0.106833 ms)

AssetImportParameters requested are different than current active one (requested -> active):
  custom:graphics/normal-map-encoding: 01000000000000000000000000000000 -> 02000000000000000000000000000000
